[INFO] Scanning for projects...
[INFO] 
[INFO] ----------------------< com.up:asset_holder_api >-----------------------
[INFO] Building asset_holder_api 0.0.1-SNAPSHOT
[INFO]   from pom.xml
[INFO] --------------------------------[ jar ]---------------------------------
[INFO] 
[INFO] >>> spring-boot:3.3.0:run (default-cli) > test-compile @ asset_holder_api >>>
[INFO] 
[INFO] --- resources:3.3.1:resources (default-resources) @ asset_holder_api ---
[INFO] Copying 1 resource from src/main/resources to target/classes
[INFO] Copying 4 resources from src/main/resources to target/classes
[INFO] 
[INFO] --- compiler:3.13.0:compile (default-compile) @ asset_holder_api ---
[INFO] Nothing to compile - all classes are up to date.
[INFO] 
[INFO] --- resources:3.3.1:testResources (default-testResources) @ asset_holder_api ---
[INFO] skip non existing resourceDirectory /Users/sotsirymony/Desktop/Block Chain Assignment/All In One Source/ownership-api-master/src/test/resources
[INFO] 
[INFO] --- compiler:3.13.0:testCompile (default-testCompile) @ asset_holder_api ---
[INFO] Recompiling the module because of changed source code.
[INFO] Compiling 12 source files with javac [debug parameters release 17] to target/test-classes
[INFO] 
[INFO] <<< spring-boot:3.3.0:run (default-cli) < test-compile @ asset_holder_api <<<
[INFO] 
[INFO] 
[INFO] --- spring-boot:3.3.0:run (default-cli) @ asset_holder_api ---
[INFO] Attaching agents: []
  .   ____          _            __ _ _
 /\\ / ___'_ __ _ _(_)_ __  __ _ \ \ \ \
( ( )\___ | '_ | '_| | '_ \/ _` | \ \ \ \
 \\/  ___)| |_)| | | | | || (_| |  ) ) ) )
  '  |____| .__|_| |_|_| |_\__, | / / / /
 =========|_|==============|___/=/_/_/_/

 :: Spring Boot ::                (v3.3.0)

2026-03-14T20:44:47.732+07:00  INFO 95470 --- [asset_holder_api] [  restartedMain] c.u.a.ArtifactsSdkApplication            : Starting ArtifactsSdkApplication using Java 17.0.18 with PID 95470 (/Users/sotsirymony/Desktop/Block Chain Assignment/All In One Source/ownership-api-master/target/classes started by sotsirymony in /Users/sotsirymony/Desktop/Block Chain Assignment/All In One Source/ownership-api-master)
2026-03-14T20:44:47.733+07:00  INFO 95470 --- [asset_holder_api] [  restartedMain] c.u.a.ArtifactsSdkApplication            : No active profile set, falling back to 1 default profile: "default"
2026-03-14T20:44:47.755+07:00  INFO 95470 --- [asset_holder_api] [  restartedMain] .e.DevToolsPropertyDefaultsPostProcessor : Devtools property defaults active! Set 'spring.devtools.add-properties' to 'false' to disable
2026-03-14T20:44:47.755+07:00  INFO 95470 --- [asset_holder_api] [  restartedMain] .e.DevToolsPropertyDefaultsPostProcessor : For additional web related logging consider setting the 'logging.level.web' property to 'DEBUG'
2026-03-14T20:44:48.408+07:00  INFO 95470 --- [asset_holder_api] [  restartedMain] o.s.b.w.embedded.tomcat.TomcatWebServer  : Tomcat initialized with port 8081 (http)
2026-03-14T20:44:48.415+07:00  INFO 95470 --- [asset_holder_api] [  restartedMain] o.apache.catalina.core.StandardService   : Starting service [Tomcat]
2026-03-14T20:44:48.415+07:00  INFO 95470 --- [asset_holder_api] [  restartedMain] o.apache.catalina.core.StandardEngine    : Starting Servlet engine: [Apache Tomcat/10.1.24]
2026-03-14T20:44:48.436+07:00  INFO 95470 --- [asset_holder_api] [  restartedMain] o.a.c.c.C.[Tomcat].[localhost].[/]       : Initializing Spring embedded WebApplicationContext
2026-03-14T20:44:48.437+07:00  INFO 95470 --- [asset_holder_api] [  restartedMain] w.s.c.ServletWebServerApplicationContext : Root WebApplicationContext: initialization completed in 680 ms
2026-03-14T20:44:48.543+07:00  INFO 95470 --- [asset_holder_api] [  restartedMain] c.u.a.gateway.FabricGatewayCache         : FabricGatewayCache initialized: maxSize=200, idleMinutes=10
2026-03-14T20:44:48.581+07:00  INFO 95470 --- [asset_holder_api] [  restartedMain] eAuthenticationProviderManagerConfigurer : Global AuthenticationManager configured with AuthenticationProvider bean with name authenticationProvider
2026-03-14T20:44:48.581+07:00  WARN 95470 --- [asset_holder_api] [  restartedMain] r$InitializeUserDetailsManagerConfigurer : Global AuthenticationManager configured with an AuthenticationProvider bean. UserDetailsService beans will not be used for username/password login. Consider removing the AuthenticationProvider bean. Alternatively, consider using the UserDetailsService in a manually instantiated DaoAuthenticationProvider.
2026-03-14T20:44:48.939+07:00  INFO 95470 --- [asset_holder_api] [  restartedMain] o.s.s.web.DefaultSecurityFilterChain     : Will secure any request with [org.springframework.security.web.session.DisableEncodeUrlFilter@7e3c8f4d, org.springframework.security.web.context.request.async.WebAsyncManagerIntegrationFilter@58430d3a, org.springframework.security.web.context.SecurityContextHolderFilter@2d57ced8, org.springframework.security.web.header.HeaderWriterFilter@54939a3d, org.springframework.web.filter.CorsFilter@6cba2997, org.springframework.security.web.authentication.logout.LogoutFilter@4760eb04, com.up.asset_holder_api.jwt.JwtAuthFilter@64baadf6, org.springframework.security.web.savedrequest.RequestCacheAwareFilter@4910f0ef, org.springframework.security.web.servletapi.SecurityContextHolderAwareRequestFilter@569526de, org.springframework.security.web.authentication.AnonymousAuthenticationFilter@6a9022e3, org.springframework.security.web.session.SessionManagementFilter@584aa844, org.springframework.security.web.access.ExceptionTranslationFilter@576a2408, org.springframework.security.web.access.intercept.AuthorizationFilter@757a6474]
2026-03-14T20:44:49.074+07:00  INFO 95470 --- [asset_holder_api] [  restartedMain] o.s.b.d.a.OptionalLiveReloadServer       : LiveReload server is running on port 35729
2026-03-14T20:44:49.088+07:00  INFO 95470 --- [asset_holder_api] [  restartedMain] o.s.b.w.embedded.tomcat.TomcatWebServer  : Tomcat started on port 8081 (http) with context path '/'
2026-03-14T20:44:49.094+07:00  INFO 95470 --- [asset_holder_api] [  restartedMain] c.u.a.ArtifactsSdkApplication            : Started ArtifactsSdkApplication in 1.492 seconds (process running for 1.677)
2026-03-14T20:44:49.100+07:00  WARN 95470 --- [asset_holder_api] [  restartedMain] o.h.fabric_ca.sdk.helper.Config          : Failed to load any configuration from: config.properties. Using toolkit defaults
2026-03-14T20:44:49.134+07:00  WARN 95470 --- [asset_holder_api] [  restartedMain] o.hyperledger.fabric.sdk.helper.Config   : Failed to load any configuration from: config.properties. Using toolkit defaults
2026-03-14T20:44:49.595+07:00  INFO 95470 --- [asset_holder_api] [  restartedMain] com.zaxxer.hikari.HikariDataSource       : HikariPool-1 - Starting...
2026-03-14T20:44:49.678+07:00  INFO 95470 --- [asset_holder_api] [  restartedMain] com.zaxxer.hikari.pool.HikariPool        : HikariPool-1 - Added connection org.postgresql.jdbc.PgConnection@498de7bd
2026-03-14T20:44:49.678+07:00  INFO 95470 --- [asset_holder_api] [  restartedMain] com.zaxxer.hikari.HikariDataSource       : HikariPool-1 - Start completed.
2026-03-14T20:44:49.692+07:00  INFO 95470 --- [asset_holder_api] [  restartedMain] c.u.a.s.serviceImp.AdminServiceImp       : Successfully refreshed Fabric gateway identity 'admin' in wallet path '/Users/sotsirymony/Desktop/Block Chain Assignment/All In One Source/ownership-api-master/wallet'
2026-03-14T20:44:51.117+07:00  INFO 95470 --- [asset_holder_api] [0.0-8081-exec-1] o.a.c.c.C.[Tomcat].[localhost].[/]       : Initializing Spring DispatcherServlet 'dispatcherServlet'
2026-03-14T20:44:51.117+07:00  INFO 95470 --- [asset_holder_api] [0.0-8081-exec-1] o.s.web.servlet.DispatcherServlet        : Initializing Servlet 'dispatcherServlet'
2026-03-14T20:44:51.118+07:00  INFO 95470 --- [asset_holder_api] [0.0-8081-exec-1] o.s.web.servlet.DispatcherServlet        : Completed initialization in 1 ms
2026-03-14T20:44:51.127+07:00  INFO 95470 --- [asset_holder_api] [0.0-8081-exec-1] c.u.a.c.SwaggerAccessLoggingFilter       : Swagger accessed | method=GET | uri=/v3/api-docs | ip=0:0:0:0:0:0:0:1
2026-03-14T20:44:51.387+07:00  INFO 95470 --- [asset_holder_api] [0.0-8081-exec-1] o.springdoc.api.AbstractOpenApiResource  : Init duration for springdoc-openapi is: 250 ms
2026-03-14T20:51:07.959+07:00  WARN 95470 --- [asset_holder_api] [l-1 housekeeper] com.zaxxer.hikari.pool.HikariPool        : HikariPool-1 - Thread starvation or clock leap detected (housekeeper delta=48s140ms).
2026-03-14T20:55:27.441+07:00  WARN 95470 --- [asset_holder_api] [l-1 housekeeper] com.zaxxer.hikari.pool.HikariPool        : HikariPool-1 - Thread starvation or clock leap detected (housekeeper delta=3m49s470ms).
2026-03-14T20:55:50.766+07:00  INFO 95470 --- [asset_holder_api] [0.0-8081-exec-8] org.hyperledger.fabric.sdk.Channel       : Channel Channel{id: 1, name: channel-org} eventThread started shutdown: false  thread: null 
2026-03-14T21:45:15.678+07:00  INFO 95470 --- [asset_holder_api] [0.0-8081-exec-8] org.hyperledger.fabric.sdk.Channel       : Channel Channel{id: 8, name: channel-org} eventThread started shutdown: false  thread: null 
2026-03-14T21:45:18.643+07:00  INFO 95470 --- [asset_holder_api] [pool-6-thread-1] org.hyperledger.fabric.sdk.Channel       : Channel channel-org eventThread shutting down. shutdown: true  thread: pool-6-thread-1 
