
> ownership-ui@0.1.0 dev
> cross-env NODE_OPTIONS=--max_old_space_size=4096 refine dev

╭──────────────────────────────────────────────────────────────────────────────╮│                                                                              ││   — Refine Devtools beta version is out! To install in your project, just    ││   run npm run refine devtools init. https://s.refine.dev/devtools-beta       ││                                                                              ││   — Hello from Refine team! Hope you enjoy! Join our Discord community to    ││   get help and discuss with other users. https://discord.gg/refine           ││                                                                              │╰──────────────────────────────────────────────────────────────────────────────╯

                                Update Available                                

- Current: The version of the package that is currently installed
- Wanted: The maximum version of the package that satisfies the semver range specified in `package.json`
- Latest: The latest version of the package available on npm
[90m┌────────────────────────────[39m[90m┬─────────[39m[90m┬─────────[39m[90m┬─────────[39m[90m┬───────────────────┐[39m
[90m│[39m[34m name                       [39m[90m│[39m[34m current [39m[90m│[39m[34m wanted  [39m[90m│[39m[34m latest  [39m[90m│[39m[34m changelog         [39m[90m│[39m
[90m├────────────────────────────[39m[90m┼─────────[39m[90m┼─────────[39m[90m┼─────────[39m[90m┼───────────────────┤[39m
[90m│[39m @refinedev/antd            [90m│[39m 5.43.1  [90m│[39m 5.47.0  [90m│[39m 6.0.3   [90m│[39m https://c.refine… [90m│[39m
[90m├────────────────────────────[39m[90m┼─────────[39m[90m┼─────────[39m[90m┼─────────[39m[90m┼───────────────────┤[39m
[90m│[39m @refinedev/cli             [90m│[39m 2.16.38 [90m│[39m 2.16.51 [90m│[39m 2.16.51 [90m│[39m https://c.refine… [90m│[39m
[90m├────────────────────────────[39m[90m┼─────────[39m[90m┼─────────[39m[90m┼─────────[39m[90m┼───────────────────┤[39m
[90m│[39m @refinedev/core            [90m│[39m 4.54.1  [90m│[39m 4.58.0  [90m│[39m 5.0.10  [90m│[39m https://c.refine… [90m│[39m
[90m├────────────────────────────[39m[90m┼─────────[39m[90m┼─────────[39m[90m┼─────────[39m[90m┼───────────────────┤[39m
[90m│[39m @refinedev/devtools        [90m│[39m 1.2.8   [90m│[39m 1.2.17  [90m│[39m 2.0.4   [90m│[39m https://c.refine… [90m│[39m
[90m├────────────────────────────[39m[90m┼─────────[39m[90m┼─────────[39m[90m┼─────────[39m[90m┼───────────────────┤[39m
[90m│[39m @refinedev/kbar            [90m│[39m 1.3.12  [90m│[39m 1.3.17  [90m│[39m 2.0.1   [90m│[39m https://c.refine… [90m│[39m
[90m├────────────────────────────[39m[90m┼─────────[39m[90m┼─────────[39m[90m┼─────────[39m[90m┼───────────────────┤[39m
[90m│[39m @refinedev/nextjs-router   [90m│[39m 6.1.0   [90m│[39m 6.2.3   [90m│[39m 7.0.5   [90m│[39m https://c.refine… [90m│[39m
[90m├────────────────────────────[39m[90m┼─────────[39m[90m┼─────────[39m[90m┼─────────[39m[90m┼───────────────────┤[39m
[90m│[39m @refinedev/react-router-v6 [90m│[39m 4.6.0   [90m│[39m 4.6.2   [90m│[39m 4.6.2   [90m│[39m https://c.refine… [90m│[39m
[90m├────────────────────────────[39m[90m┼─────────[39m[90m┼─────────[39m[90m┼─────────[39m[90m┼───────────────────┤[39m
[90m│[39m @refinedev/simple-rest     [90m│[39m 5.0.8   [90m│[39m 5.0.11  [90m│[39m 6.0.1   [90m│[39m https://c.refine… [90m│[39m
[90m└────────────────────────────[39m[90m┴─────────[39m[90m┴─────────[39m[90m┴─────────[39m[90m┴───────────────────┘[39m
                To update `Refine` packages with wanted version                
- Getting package manager...
                Run the following command: npm run refine update               




✓ Refine Devtools is running at port 5001

  [1m[38;2;173;127;168m▲ Next.js 14.2.15[39m[22m
  - Local:        http://localhost:3000
  - Environments: .env

 [32m[1m✓[22m[39m Starting...
 [32m[1m✓[22m[39m Ready in 2.7s
 [37m[1m○[22m[39m Compiling / ...
Browserslist: caniuse-lite is outdated. Please run:
  npx update-browserslist-db@latest
  Why you should do it regularly: https://github.com/browserslist/update-db#readme

[1m[33mwarn[39m[22m - As of Tailwind CSS v3.3, the `@tailwindcss/line-clamp` plugin is now included by default.
[1m[33mwarn[39m[22m - Remove it from the `plugins` array in your configuration to eliminate this warning.
 [32m[1m✓[22m[39m Compiled / in 6.1s (8991 modules)
 GET / [32m200[39m in 6391ms
 [32m[1m✓[22m[39m Compiled in 430ms (4892 modules)
 GET / [32m200[39m in 35ms
 [37m[1m○[22m[39m Compiling /api/auth/[...nextauth] ...
 [32m[1m✓[22m[39m Compiled /api/auth/[...nextauth] in 722ms (4400 modules)
 GET /api/auth/session [32m200[39m in 1046ms
 GET /api/auth/session [32m200[39m in 8ms
 GET /api/auth/session [32m200[39m in 30ms
 [32m[1m✓[22m[39m Compiled /src/middleware in 62ms (72 modules)
 [37m[1m○[22m[39m Compiling /admin/dashboard ...
 [32m[1m✓[22m[39m Compiled /admin/dashboard in 2.4s (9338 modules)
 [32m[1m✓[22m[39m Compiled /_not-found in 450ms (9341 modules)
 GET /admin/seed-report-attachment [33m404[39m in 714ms
 [37m[1m○[22m[39m Compiling /admin/asset ...
 [32m[1m✓[22m[39m Compiled /admin/asset in 642ms (9391 modules)
 GET /admin/seed-attachment [33m404[39m in 166ms
 [37m[1m○[22m[39m Compiling /admin/asset-request ...
 [32m[1m✓[22m[39m Compiled /admin/asset-request in 721ms (9407 modules)
 GET /default-avatar.png [33m404[39m in 96ms
 [37m[1m○[22m[39m Compiling /admin/history ...
 [32m[1m✓[22m[39m Compiled /admin/history in 561ms (9431 modules)
 GET /admin/seed-attachment [33m404[39m in 55ms
 GET /default-avatar.png [33m404[39m in 42ms
 [37m[1m○[22m[39m Compiling /admin/report-issue ...
 [32m[1m✓[22m[39m Compiled /admin/report-issue in 645ms (9444 modules)
 GET /admin/seed-report-attachment [33m404[39m in 49ms
 GET /admin/seed-attachment [33m404[39m in 35ms
 [37m[1m○[22m[39m Compiling /admin/department ...
 [32m[1m✓[22m[39m Compiled /admin/department in 651ms (9460 modules)
 GET /admin/seed-attachment [33m404[39m in 65ms
 [37m[1m○[22m[39m Compiling /admin/asset/create ...
 [32m[1m✓[22m[39m Compiled /admin/asset/create in 2.4s (9475 modules)
 GET /admin/seed-attachment [33m404[39m in 225ms
 GET /api/auth/session [32m200[39m in 78ms
 GET /api/auth/session [32m200[39m in 17ms
 GET /api/auth/session [32m200[39m in 27ms
 GET /api/auth/session [32m200[39m in 24ms
 GET /api/auth/session [32m200[39m in 21ms
 GET /api/auth/session [32m200[39m in 28ms
 GET /admin/seed-report-attachment [33m404[39m in 53ms
 GET /admin/seed-attachment [33m404[39m in 37ms
 GET /admin/seed-attachment [33m404[39m in 37ms
 [37m[1m○[22m[39m Compiling /admin/asset/show/[id] ...
 [32m[1m✓[22m[39m Compiled /admin/asset/show/[id] in 3.8s (9120 modules)
Record [90mundefined[39m
 [32m[1m✓[22m[39m Compiled /admin/history in 305ms (4171 modules)
 [32m[1m✓[22m[39m Compiled /_not-found in 291ms (4173 modules)
 GET /admin/seed-attachment [33m404[39m in 600ms
 [32m[1m✓[22m[39m Compiled /admin/asset-request in 362ms (4183 modules)
 GET /default-avatar.png [33m404[39m in 276ms
 GET /admin/seed-attachment [33m404[39m in 85ms
 [32m[1m✓[22m[39m Compiled /api/auth/[...nextauth] in 469ms (4469 modules)
 GET /api/auth/session [32m200[39m in 565ms
 GET /api/auth/session [32m200[39m in 20ms
 [37m[1m○[22m[39m Compiling /admin/department ...
 [32m[1m✓[22m[39m Compiled /admin/department in 1433ms (4477 modules)
Warning: [antd: Menu] `children` is deprecated. Please use `items` instead.
 GET /admin/department?pageSize=10&current=1 [32m200[39m in 436ms
 GET /api/auth/session [32m200[39m in 41ms
 GET /api/auth/session [32m200[39m in 10ms
 GET /admin/department?pageSize=10&current=1 [32m200[39m in 88ms
 GET /api/auth/session [32m200[39m in 10ms
 GET /api/auth/session [32m200[39m in 8ms
 [37m[1m○[22m[39m Compiling /admin/user ...
 [32m[1m✓[22m[39m Compiled /admin/user in 2.2s (9459 modules)
 [37m[1m○[22m[39m Compiling /admin/asset ...
 [32m[1m✓[22m[39m Compiled /admin/asset in 630ms (4183 modules)
 [32m[1m✓[22m[39m Compiled /_not-found in 310ms (4185 modules)
 GET /admin/seed-attachment [33m404[39m in 563ms
 GET /admin/seed-attachment [33m404[39m in 64ms
 [37m[1m○[22m[39m Compiling / ...
 [32m[1m✓[22m[39m Compiled / in 1824ms (4194 modules)
 GET / [32m200[39m in 2043ms
 [32m[1m✓[22m[39m Compiled /api/auth/[...nextauth] in 325ms (4495 modules)
 GET /api/auth/session [32m200[39m in 410ms
 GET /api/auth/session [32m200[39m in 10ms
 [37m[1m○[22m[39m Compiling /admin/dashboard ...
 [32m[1m✓[22m[39m Compiled /admin/dashboard in 539ms (4510 modules)
(node:3704) [DEP0060] DeprecationWarning: The `util._extend` API is deprecated. Please use Object.assign() instead.
(Use `node --trace-deprecation ...` to show where the warning was created)
 GET / [32m200[39m in 114ms
 GET /api/auth/session [32m200[39m in 50ms
 GET /api/auth/session [32m200[39m in 12ms
 [32m[1m✓[22m[39m Compiled /_not-found in 385ms (4512 modules)
 GET /admin/seed-report-attachment [33m404[39m in 613ms
